# JRE version: Java(TM) SE Runtime Environment (8.0_45-b15) (build 1.8.0_45-b15)
# Java VM: Java HotSpot(TM) 64-Bit Server VM (25.45-b02 mixed mode windows-amd64 compressed oops)
Heap:
 PSYoungGen      total 138240K, used 11053K [0x00000000f5580000, 0x00000000ffc00000, 0x0000000100000000)
  eden space 137728K, 7% used [0x00000000f5580000,0x00000000f603b440,0x00000000fdc00000)
  from space 512K, 12% used [0x00000000fe000000,0x00000000fe010000,0x00000000fe080000)
  to   space 16384K, 0% used [0x00000000fec00000,0x00000000fec00000,0x00000000ffc00000)
 ParOldGen       total 175104K, used 21042K [0x00000000e0000000, 0x00000000eab00000, 0x00000000f5580000)
  object space 175104K, 12% used [0x00000000e0000000,0x00000000e148cb30,0x00000000eab00000)
 Metaspace       used 32558K, capacity 33414K, committed 33712K, reserved 1079296K
  class space    used 4290K, capacity 4505K, committed 4528K, reserved 1048576K
GC Heap History (10 events):
Event: 5139.428 GC heap before
{Heap before GC invocations=12 (full 1):
 PSYoungGen      total 158208K, used 145796K [0x00000000f5580000, 0x0000000100000000, 0x0000000100000000)
  eden space 142848K, 100% used [0x00000000f5580000,0x00000000fe100000,0x00000000fe100000)
  from space 15360K, 19% used [0x00000000ff100000,0x00000000ff3e1398,0x0000000100000000)
  to   space 15872K, 0% used [0x00000000fe100000,0x00000000fe100000,0x00000000ff080000)
 ParOldGen       total 175104K, used 18217K [0x00000000e0000000, 0x00000000eab00000, 0x00000000f5580000)
  object space 175104K, 10% used [0x00000000e0000000,0x00000000e11ca570,0x00000000eab00000)
 Metaspace       used 32550K, capacity 33414K, committed 33712K, reserved 1079296K
  class space    used 4290K, capacity 4505K, committed 4528K, reserved 1048576K
Event: 5139.470 GC heap after
Heap after GC invocations=12 (full 1):
 PSYoungGen      total 143360K, used 64K [0x00000000f5580000, 0x0000000100000000, 0x0000000100000000)
  eden space 142848K, 0% used [0x00000000f5580000,0x00000000f5580000,0x00000000fe100000)
  from space 512K, 12% used [0x00000000fe100000,0x00000000fe110000,0x00000000fe180000)
  to   space 16384K, 0% used [0x00000000ff000000,0x00000000ff000000,0x0000000100000000)
 ParOldGen       total 175104K, used 20981K [0x00000000e0000000, 0x00000000eab00000, 0x00000000f5580000)
  object space 175104K, 11% used [0x00000000e0000000,0x00000000e147d588,0x00000000eab00000)
 Metaspace       used 32550K, capacity 33414K, committed 33712K, reserved 1079296K
  class space    used 4290K, capacity 4505K, committed 4528K, reserved 1048576K
}
Event: 7737.988 GC heap before
{Heap before GC invocations=13 (full 1):
 PSYoungGen      total 143360K, used 142912K [0x00000000f5580000, 0x0000000100000000, 0x0000000100000000)
  eden space 142848K, 100% used [0x00000000f5580000,0x00000000fe100000,0x00000000fe100000)
  from space 512K, 12% used [0x00000000fe100000,0x00000000fe110000,0x00000000fe180000)
  to   space 16384K, 0% used [0x00000000ff000000,0x00000000ff000000,0x0000000100000000)
 ParOldGen       total 175104K, used 20981K [0x00000000e0000000, 0x00000000eab00000, 0x00000000f5580000)
  object space 175104K, 11% used [0x00000000e0000000,0x00000000e147d588,0x00000000eab00000)
 Metaspace       used 32550K, capacity 33414K, committed 33712K, reserved 1079296K
  class space    used 4290K, capacity 4505K, committed 4528K, reserved 1048576K
Event: 7737.993 GC heap after
Heap after GC invocations=13 (full 1):
 PSYoungGen      total 158208K, used 64K [0x00000000f5580000, 0x0000000100000000, 0x0000000100000000)
  eden space 141824K, 0% used [0x00000000f5580000,0x00000000f5580000,0x00000000fe000000)
  from space 16384K, 0% used [0x00000000ff000000,0x00000000ff010000,0x0000000100000000)
  to   space 16384K, 0% used [0x00000000fe000000,0x00000000fe000000,0x00000000ff000000)
 ParOldGen       total 175104K, used 21034K [0x00000000e0000000, 0x00000000eab00000, 0x00000000f5580000)
  object space 175104K, 12% used [0x00000000e0000000,0x00000000e148ab30,0x00000000eab00000)
 Metaspace       used 32550K, capacity 33414K, committed 33712K, reserved 1079296K
  class space    used 4290K, capacity 4505K, committed 4528K, reserved 1048576K
}
Event: 10327.558 GC heap before
{Heap before GC invocations=14 (full 1):
 PSYoungGen      total 158208K, used 141888K [0x00000000f5580000, 0x0000000100000000, 0x0000000100000000)
  eden space 141824K, 100% used [0x00000000f5580000,0x00000000fe000000,0x00000000fe000000)
  from space 16384K, 0% used [0x00000000ff000000,0x00000000ff010000,0x0000000100000000)
  to   space 16384K, 0% used [0x00000000fe000000,0x00000000fe000000,0x00000000ff000000)
 ParOldGen       total 175104K, used 21034K [0x00000000e0000000, 0x00000000eab00000, 0x00000000f5580000)
  object space 175104K, 12% used [0x00000000e0000000,0x00000000e148ab30,0x00000000eab00000)
 Metaspace       used 32550K, capacity 33414K, committed 33712K, reserved 1079296K
  class space    used 4290K, capacity 4505K, committed 4528K, reserved 1048576K
Event: 10327.593 GC heap after
Heap after GC invocations=14 (full 1):
 PSYoungGen      total 158208K, used 32K [0x00000000f5580000, 0x0000000100000000, 0x0000000100000000)
  eden space 141824K, 0% used [0x00000000f5580000,0x00000000f5580000,0x00000000fe000000)
  from space 16384K, 0% used [0x00000000fe000000,0x00000000fe008000,0x00000000ff000000)
  to   space 16384K, 0% used [0x00000000ff000000,0x00000000ff000000,0x0000000100000000)
 ParOldGen       total 175104K, used 21042K [0x00000000e0000000, 0x00000000eab00000, 0x00000000f5580000)
  object space 175104K, 12% used [0x00000000e0000000,0x00000000e148cb30,0x00000000eab00000)
 Metaspace       used 32550K, capacity 33414K, committed 33712K, reserved 1079296K
  class space    used 4290K, capacity 4505K, committed 4528K, reserved 1048576K
}
Event: 12935.530 GC heap before
{Heap before GC invocations=15 (full 1):
 PSYoungGen      total 158208K, used 141856K [0x00000000f5580000, 0x0000000100000000, 0x0000000100000000)
  eden space 141824K, 100% used [0x00000000f5580000,0x00000000fe000000,0x00000000fe000000)
  from space 16384K, 0% used [0x00000000fe000000,0x00000000fe008000,0x00000000ff000000)
  to   space 16384K, 0% used [0x00000000ff000000,0x00000000ff000000,0x0000000100000000)
 ParOldGen       total 175104K, used 21042K [0x00000000e0000000, 0x00000000eab00000, 0x00000000f5580000)
  object space 175104K, 12% used [0x00000000e0000000,0x00000000e148cb30,0x00000000eab00000)
 Metaspace       used 32550K, capacity 33414K, committed 33712K, reserved 1079296K
  class space    used 4290K, capacity 4505K, committed 4528K, reserved 1048576K
Event: 12935.577 GC heap after
Heap after GC invocations=15 (full 1):
 PSYoungGen      total 158208K, used 64K [0x00000000f5580000, 0x0000000100000000, 0x0000000100000000)
  eden space 141824K, 0% used [0x00000000f5580000,0x00000000f5580000,0x00000000fe000000)
  from space 16384K, 0% used [0x00000000ff000000,0x00000000ff010000,0x0000000100000000)
  to   space 16384K, 0% used [0x00000000fe000000,0x00000000fe000000,0x00000000ff000000)
 ParOldGen       total 175104K, used 21042K [0x00000000e0000000, 0x00000000eab00000, 0x00000000f5580000)
  object space 175104K, 12% used [0x00000000e0000000,0x00000000e148cb30,0x00000000eab00000)
 Metaspace       used 32550K, capacity 33414K, committed 33712K, reserved 1079296K
  class space    used 4290K, capacity 4505K, committed 4528K, reserved 1048576K
}
Event: 15505.734 GC heap before
{Heap before GC invocations=16 (full 1):
 PSYoungGen      total 158208K, used 141888K [0x00000000f5580000, 0x0000000100000000, 0x0000000100000000)
  eden space 141824K, 100% used [0x00000000f5580000,0x00000000fe000000,0x00000000fe000000)
  from space 16384K, 0% used [0x00000000ff000000,0x00000000ff010000,0x0000000100000000)
  to   space 16384K, 0% used [0x00000000fe000000,0x00000000fe000000,0x00000000ff000000)
 ParOldGen       total 175104K, used 21042K [0x00000000e0000000, 0x00000000eab00000, 0x00000000f5580000)
  object space 175104K, 12% used [0x00000000e0000000,0x00000000e148cb30,0x00000000eab00000)
 Metaspace       used 32550K, capacity 33414K, committed 33712K, reserved 1079296K
  class space    used 4290K, capacity 4505K, committed 4528K, reserved 1048576K
Event: 15505.841 GC heap after
Heap after GC invocations=16 (full 1):
 PSYoungGen      total 138240K, used 64K [0x00000000f5580000, 0x00000000ffc00000, 0x0000000100000000)
  eden space 137728K, 0% used [0x00000000f5580000,0x00000000f5580000,0x00000000fdc00000)
  from space 512K, 12% used [0x00000000fe000000,0x00000000fe010000,0x00000000fe080000)
  to   space 16384K, 0% used [0x00000000fec00000,0x00000000fec00000,0x00000000ffc00000)
 ParOldGen       total 175104K, used 21042K [0x00000000e0000000, 0x00000000eab00000, 0x00000000f5580000)
  object space 175104K, 12% used [0x00000000e0000000,0x00000000e148cb30,0x00000000eab00000)
 Metaspace       used 32550K, capacity 33414K, committed 33712K, reserved 1079296K
  class space    used 4290K, capacity 4505K, committed 4528K, reserved 1048576K
}

